<?xml version="1.0" encoding="UTF-8"?>
<!-- Generated by org.testng.reporters.JUnitReportReporter -->
<testsuite hostname="MAVLT1573" failures="0" tests="1" name="com.maven.project.LocatorsXpath" time="11.380" errors="0" timestamp="2021-12-04T14:05:33 IST" skipped="0">
  <testcase classname="com.maven.project.LocatorsXpath" name="LocatorsTest" time="11.380"/>
  <system-out/>
</testsuite> <!-- com.maven.project.LocatorsXpath -->
