<?xml version="1.0" encoding="UTF-8"?>
<!-- Generated by org.testng.reporters.JUnitReportReporter -->
<testsuite hostname="MAVLT1573" failures="0" tests="1" name="com.maven.project.Locators" time="5.588" errors="0" timestamp="2021-12-04T12:23:43 IST" skipped="0">
  <testcase classname="com.maven.project.Locators" name="LocatorsTest" time="5.588"/>
  <system-out/>
</testsuite> <!-- com.maven.project.Locators -->
